<?xml version="1.0" encoding="UTF-8"?>
<!-- Generated by org.testng.reporters.JUnitXMLReporter -->
<testsuite ignored="6" hostname="DESKTOP-KOFFG6V" failures="0" tests="1" name="Default test" time="25.339" errors="0" timestamp="2024-03-20T22:30:03 EDT">
  <testcase classname="testcases.HomePageTest" name="homeArrivalsAddToBasketWithMoreBooks" time="15.312"/>
  <testcase classname="testcases.HomePageTest" name="homePageArrivalsImagesReviews" time="0.0">
    <ignored/>
  </testcase> <!-- homePageArrivalsImagesReviews -->
  <testcase classname="testcases.HomePageTest" name="homePageArrivalsImagesDescription" time="0.0">
    <ignored/>
  </testcase> <!-- homePageArrivalsImagesDescription -->
  <testcase classname="testcases.HomePageTest" name="homePageHasThreeArrivals" time="0.0">
    <ignored/>
  </testcase> <!-- homePageHasThreeArrivals -->
  <testcase classname="testcases.HomePageTest" name="homePageImagesInArrivalsShouldNavigate" time="0.0">
    <ignored/>
  </testcase> <!-- homePageImagesInArrivalsShouldNavigate -->
  <testcase classname="testcases.HomePageTest" name="homeArrivalsAddToBasketItems" time="0.0">
    <ignored/>
  </testcase> <!-- homeArrivalsAddToBasketItems -->
  <testcase classname="testcases.HomePageTest" name="homePageHasThreeSliders" time="0.0">
    <ignored/>
  </testcase> <!-- homePageHasThreeSliders -->
</testsuite> <!-- Default test -->
