<?xml version="1.0" encoding="UTF-8"?>
<testng-results ignored="0" total="1" passed="1" failed="0" skipped="0">
  <reporter-output>
  </reporter-output>
  <suite started-at="2024-03-20T22:29:38 EDT" name="Default suite" finished-at="2024-03-20T22:30:03 EDT" duration-ms="25339">
    <groups>
    </groups>
    <test started-at="2024-03-20T22:29:38 EDT" name="Default test" finished-at="2024-03-20T22:30:03 EDT" duration-ms="25339">
      <class name="testcases.HomePageTest">
        <test-method is-config="true" signature="getDriver()[pri:0, instance:testcases.HomePageTest@702657cc]" started-at="2024-03-20T22:29:38 EDT" name="getDriver" finished-at="2024-03-20T22:29:47 EDT" duration-ms="9228" status="PASS">
          <reporter-output>
          </reporter-output>
        </test-method> <!-- getDriver -->
        <test-method signature="homeArrivalsAddToBasketWithMoreBooks()[pri:0, instance:testcases.HomePageTest@702657cc]" started-at="2024-03-20T22:29:47 EDT" name="homeArrivalsAddToBasketWithMoreBooks" finished-at="2024-03-20T22:30:03 EDT" duration-ms="15312" status="PASS">
          <reporter-output>
          </reporter-output>
        </test-method> <!-- homeArrivalsAddToBasketWithMoreBooks -->
        <test-method is-config="true" signature="teardDown()[pri:0, instance:testcases.HomePageTest@702657cc]" started-at="2024-03-20T22:30:03 EDT" name="teardDown" finished-at="2024-03-20T22:30:03 EDT" duration-ms="709" status="PASS">
          <reporter-output>
          </reporter-output>
        </test-method> <!-- teardDown -->
      </class> <!-- testcases.HomePageTest -->
    </test> <!-- Default test -->
  </suite> <!-- Default suite -->
</testng-results>
